CRITICAL - 2023-11-16 12:14:45 --> Invalid file: "search_results.php"
in SYSTEMPATH/Exceptions/FrameworkException.php on line 39.
 1 SYSTEMPATH/View/View.php(216): CodeIgniter\Exceptions\FrameworkException::forInvalidFile()
 2 SYSTEMPATH/Common.php(1190): CodeIgniter\View\View->render()
 3 APPPATH/Controllers/UserCrud.php(30): view()
 4 SYSTEMPATH/CodeIgniter.php(942): App\Controllers\UserCrud->search()
 5 SYSTEMPATH/CodeIgniter.php(502): CodeIgniter\CodeIgniter->runController()
 6 SYSTEMPATH/CodeIgniter.php(361): CodeIgniter\CodeIgniter->handleRequest()
 7 FCPATH/index.php(79): CodeIgniter\CodeIgniter->run()
 8 SYSTEMPATH/Commands/Server/rewrite.php(47): require_once('/home/amiiiink/Desktop/Projects/codeigniter/public/index.php')
CRITICAL - 2023-11-16 12:15:08 --> Call to a member function links() on null
in APPPATH/Views/pagination.php on line 3.
 1 SYSTEMPATH/View/View.php(228): include()
 2 SYSTEMPATH/View/View.php(231): CodeIgniter\View\View->CodeIgniter\View\{closure}()
 3 SYSTEMPATH/Common.php(1190): CodeIgniter\View\View->render()
 4 APPPATH/Views/search_result.php(11): view()
 5 SYSTEMPATH/View/View.php(228): include('/home/amiiiink/Desktop/Projects/codeigniter/app/Views/search_result.php')
 6 SYSTEMPATH/View/View.php(231): CodeIgniter\View\View->CodeIgniter\View\{closure}()
 7 SYSTEMPATH/Common.php(1190): CodeIgniter\View\View->render()
 8 APPPATH/Controllers/UserCrud.php(30): view()
 9 SYSTEMPATH/CodeIgniter.php(942): App\Controllers\UserCrud->search()
10 SYSTEMPATH/CodeIgniter.php(502): CodeIgniter\CodeIgniter->runController()
11 SYSTEMPATH/CodeIgniter.php(361): CodeIgniter\CodeIgniter->handleRequest()
12 FCPATH/index.php(79): CodeIgniter\CodeIgniter->run()
13 SYSTEMPATH/Commands/Server/rewrite.php(47): require_once('/home/amiiiink/Desktop/Projects/codeigniter/public/index.php')
CRITICAL - 2023-11-16 12:17:14 --> Undefined variable $data
in APPPATH/Views/pagination.php on line 3.
 1 APPPATH/Views/pagination.php(3): CodeIgniter\Debug\Exceptions->errorHandler()
 2 SYSTEMPATH/View/View.php(228): include('/home/amiiiink/Desktop/Projects/codeigniter/app/Views/pagination.php')
 3 SYSTEMPATH/View/View.php(231): CodeIgniter\View\View->CodeIgniter\View\{closure}()
 4 SYSTEMPATH/Common.php(1190): CodeIgniter\View\View->render()
 5 APPPATH/Views/search_result.php(11): view()
 6 SYSTEMPATH/View/View.php(228): include('/home/amiiiink/Desktop/Projects/codeigniter/app/Views/search_result.php')
 7 SYSTEMPATH/View/View.php(231): CodeIgniter\View\View->CodeIgniter\View\{closure}()
 8 SYSTEMPATH/Common.php(1190): CodeIgniter\View\View->render()
 9 APPPATH/Controllers/UserCrud.php(32): view()
10 SYSTEMPATH/CodeIgniter.php(942): App\Controllers\UserCrud->search()
11 SYSTEMPATH/CodeIgniter.php(502): CodeIgniter\CodeIgniter->runController()
12 SYSTEMPATH/CodeIgniter.php(361): CodeIgniter\CodeIgniter->handleRequest()
13 FCPATH/index.php(79): CodeIgniter\CodeIgniter->run()
14 SYSTEMPATH/Commands/Server/rewrite.php(47): require_once('/home/amiiiink/Desktop/Projects/codeigniter/public/index.php')
CRITICAL - 2023-11-16 12:17:29 --> Undefined variable $result
in APPPATH/Views/pagination.php on line 3.
 1 APPPATH/Views/pagination.php(3): CodeIgniter\Debug\Exceptions->errorHandler()
 2 SYSTEMPATH/View/View.php(228): include('/home/amiiiink/Desktop/Projects/codeigniter/app/Views/pagination.php')
 3 SYSTEMPATH/View/View.php(231): CodeIgniter\View\View->CodeIgniter\View\{closure}()
 4 SYSTEMPATH/Common.php(1190): CodeIgniter\View\View->render()
 5 APPPATH/Views/search_result.php(11): view()
 6 SYSTEMPATH/View/View.php(228): include('/home/amiiiink/Desktop/Projects/codeigniter/app/Views/search_result.php')
 7 SYSTEMPATH/View/View.php(231): CodeIgniter\View\View->CodeIgniter\View\{closure}()
 8 SYSTEMPATH/Common.php(1190): CodeIgniter\View\View->render()
 9 APPPATH/Controllers/UserCrud.php(32): view()
10 SYSTEMPATH/CodeIgniter.php(942): App\Controllers\UserCrud->search()
11 SYSTEMPATH/CodeIgniter.php(502): CodeIgniter\CodeIgniter->runController()
12 SYSTEMPATH/CodeIgniter.php(361): CodeIgniter\CodeIgniter->handleRequest()
13 FCPATH/index.php(79): CodeIgniter\CodeIgniter->run()
14 SYSTEMPATH/Commands/Server/rewrite.php(47): require_once('/home/amiiiink/Desktop/Projects/codeigniter/public/index.php')
CRITICAL - 2023-11-16 12:17:54 --> Undefined array key "pager"
in APPPATH/Views/search_result.php on line 11.
 1 APPPATH/Views/search_result.php(11): CodeIgniter\Debug\Exceptions->errorHandler()
 2 SYSTEMPATH/View/View.php(228): include('/home/amiiiink/Desktop/Projects/codeigniter/app/Views/search_result.php')
 3 SYSTEMPATH/View/View.php(231): CodeIgniter\View\View->CodeIgniter\View\{closure}()
 4 SYSTEMPATH/Common.php(1190): CodeIgniter\View\View->render()
 5 APPPATH/Controllers/UserCrud.php(32): view()
 6 SYSTEMPATH/CodeIgniter.php(942): App\Controllers\UserCrud->search()
 7 SYSTEMPATH/CodeIgniter.php(502): CodeIgniter\CodeIgniter->runController()
 8 SYSTEMPATH/CodeIgniter.php(361): CodeIgniter\CodeIgniter->handleRequest()
 9 FCPATH/index.php(79): CodeIgniter\CodeIgniter->run()
10 SYSTEMPATH/Commands/Server/rewrite.php(47): require_once('/home/amiiiink/Desktop/Projects/codeigniter/public/index.php')
